  Camera.cpp
D:\Users\dave2\Desktop\3rd Year\Project 3\Tofu-Of-Doom\Tofu-of-Doom\Transform.h(12): warning C4091: 'typedef ': ignored on left of 'Transform::Position' when no variable is declared
  enemy.cpp
D:\Users\dave2\Desktop\3rd Year\Project 3\Tofu-Of-Doom\Tofu-of-Doom\Camera.h(7,10): fatal error C1083: Cannot open include file: 'SFML/Graphics.hpp': No such file or directory
  EnemyFollower.cpp
D:\Users\dave2\Desktop\3rd Year\Project 3\Tofu-Of-Doom\Tofu-of-Doom\enemy.h(2,10): fatal error C1083: Cannot open include file: 'SFML/Graphics.hpp': No such file or directory
  Game.cpp
D:\Users\dave2\Desktop\3rd Year\Project 3\Tofu-Of-Doom\Tofu-of-Doom\EnemyFollower.h(3,10): fatal error C1083: Cannot open include file: 'SFML/Graphics.hpp': No such file or directory
  Main.cpp
D:\Users\dave2\Desktop\3rd Year\Project 3\Tofu-Of-Doom\Tofu-of-Doom\Game.h(9,10): fatal error C1083: Cannot open include file: 'SFML/Graphics.hpp': No such file or directory
  ModelLoader.cpp
  MyVector2.cpp
D:\Users\dave2\Desktop\3rd Year\Project 3\Tofu-Of-Doom\Tofu-of-Doom\Game.h(9,10): fatal error C1083: Cannot open include file: 'SFML/Graphics.hpp': No such file or directory
  Player.cpp
D:\Users\dave2\Desktop\3rd Year\Project 3\Tofu-Of-Doom\Tofu-of-Doom\MyVector2.h(5,10): fatal error C1083: Cannot open include file: 'SFML/Graphics.hpp': No such file or directory
  Room.cpp
D:\Users\dave2\Desktop\3rd Year\Project 3\Tofu-Of-Doom\Tofu-of-Doom\Player.h(3,10): fatal error C1083: Cannot open include file: 'SFML/Graphics.hpp': No such file or directory
  Shader.cpp
  Transform.cpp
D:\Users\dave2\Desktop\3rd Year\Project 3\Tofu-Of-Doom\Tofu-of-Doom\Room.h(12,10): fatal error C1083: Cannot open include file: 'SFML/Graphics.hpp': No such file or directory
  Generating Code...
D:\Users\dave2\Desktop\3rd Year\Project 3\Tofu-Of-Doom\Tofu-of-Doom\Transform.h(12): warning C4091: 'typedef ': ignored on left of 'Transform::Position' when no variable is declared
