  Camera.cpp
C:\Users\gameuser\Desktop\3rd Year\Project\Tofu-Of-Doom\Tofu-of-Doom\Transform.h(12): warning C4091:  'typedef ': ignored on left of 'Transform::Position' when no variable is declared
  enemy.cpp
C:\Users\gameuser\Desktop\3rd Year\Project\Tofu-Of-Doom\Tofu-of-Doom\Camera.h(7,10): error C1083:  Cannot open include file: 'SFML/Graphics.hpp': No such file or directory
  EnemyFollower.cpp
C:\Users\gameuser\Desktop\3rd Year\Project\Tofu-Of-Doom\Tofu-of-Doom\enemy.h(2,10): error C1083:  Cannot open include file: 'SFML/Graphics.hpp': No such file or directory
  Game.cpp
C:\Users\gameuser\Desktop\3rd Year\Project\Tofu-Of-Doom\Tofu-of-Doom\EnemyFollower.h(3,10): error C1083:  Cannot open include file: 'SFML/Graphics.hpp': No such file or directory
  Main.cpp
C:\Users\gameuser\Desktop\3rd Year\Project\Tofu-Of-Doom\Tofu-of-Doom\Game.h(9,10): error C1083:  Cannot open include file: 'SFML/Graphics.hpp': No such file or directory
  MyVector2.cpp
C:\Users\gameuser\Desktop\3rd Year\Project\Tofu-Of-Doom\Tofu-of-Doom\Game.h(9,10): error C1083:  Cannot open include file: 'SFML/Graphics.hpp': No such file or directory
  Player.cpp
C:\Users\gameuser\Desktop\3rd Year\Project\Tofu-Of-Doom\Tofu-of-Doom\MyVector2.h(5,10): error C1083:  Cannot open include file: 'SFML/Graphics.hpp': No such file or directory
  Room.cpp
C:\Users\gameuser\Desktop\3rd Year\Project\Tofu-Of-Doom\Tofu-of-Doom\Player.h(3,10): error C1083:  Cannot open include file: 'SFML/Graphics.hpp': No such file or directory
  Shader.cpp
  Transform.cpp
C:\Users\gameuser\Desktop\3rd Year\Project\Tofu-Of-Doom\Tofu-of-Doom\Room.h(12,10): error C1083:  Cannot open include file: 'SFML/Graphics.hpp': No such file or directory
  Generating Code...
C:\Users\gameuser\Desktop\3rd Year\Project\Tofu-Of-Doom\Tofu-of-Doom\Transform.h(12): warning C4091:  'typedef ': ignored on left of 'Transform::Position' when no variable is declared
